Build started 10/24/2015 11:48:33 PM.
     1>Project "C:\Users\castondty\Documents\Data Structures\First-Rep\Linked List\Linked List\Linked List.vcxproj" on node 2 (Build target(s)).
     1>ClCompile:
         C:\Program Files (x86)\Microsoft Visual Studio 12.0\VC\bin\CL.exe /c /ZI /nologo /W3 /WX- /sdl /Od /Oy- /D WIN32 /D _DEBUG /D _CONSOLE /D _LIB /D _UNICODE /D UNICODE /Gm /EHsc /RTC1 /MDd /GS /fp:precise /Zc:wchar_t /Zc:forScope /Fo"Debug\\" /Fd"Debug\vc120.pdb" /Gd /TP /analyze- /errorReport:prompt Source.cpp
         Source.cpp
       Link:
         C:\Program Files (x86)\Microsoft Visual Studio 12.0\VC\bin\link.exe /ERRORREPORT:PROMPT /OUT:"C:\Users\castondty\Documents\Data Structures\First-Rep\Linked List\Debug\Linked List.exe" /INCREMENTAL /NOLOGO kernel32.lib user32.lib gdi32.lib winspool.lib comdlg32.lib advapi32.lib shell32.lib ole32.lib oleaut32.lib uuid.lib odbc32.lib odbccp32.lib /MANIFEST /MANIFESTUAC:"level='asInvoker' uiAccess='false'" /manifest:embed /DEBUG /PDB:"C:\Users\castondty\Documents\Data Structures\First-Rep\Linked List\Debug\Linked List.pdb" /SUBSYSTEM:CONSOLE /TLBID:1 /DYNAMICBASE /NXCOMPAT /IMPLIB:"C:\Users\castondty\Documents\Data Structures\First-Rep\Linked List\Debug\Linked List.lib" /MACHINE:X86 Debug\Cell.obj
         Debug\Clear_Screen.obj
         Debug\Source.obj
     1>Source.obj : error LNK2005: "bool __cdecl operator==(struct sub,struct sub)" (??8@YA_NUsub@@0@Z) already defined in Cell.obj
     1>Source.obj : error LNK2005: "bool __cdecl operator==(struct sub,class std::basic_string<char,struct std::char_traits<char>,class std::allocator<char> >)" (??8@YA_NUsub@@V?$basic_string@DU?$char_traits@D@std@@V?$allocator@D@2@@std@@@Z) already defined in Cell.obj
     1>C:\Users\castondty\Documents\Data Structures\First-Rep\Linked List\Debug\Linked List.exe : fatal error LNK1169: one or more multiply defined symbols found
     1>Done Building Project "C:\Users\castondty\Documents\Data Structures\First-Rep\Linked List\Linked List\Linked List.vcxproj" (Build target(s)) -- FAILED.

Build FAILED.

Time Elapsed 00:00:01.36
