Build started 10/10/2015 9:15:24 AM.
     1>Project "C:\Users\castondty\Documents\Data Structures\First-Rep\Two Dimensional Arrays\Two Dimensional Arrays\Two Dimensional Arrays.vcxproj" on node 2 (Build target(s)).
     1>ClCompile:
         C:\Program Files (x86)\Microsoft Visual Studio 12.0\VC\bin\CL.exe /c /ZI /nologo /W3 /WX- /sdl /Od /Oy- /D WIN32 /D _DEBUG /D _CONSOLE /D _LIB /D _UNICODE /D UNICODE /Gm /EHsc /RTC1 /MDd /GS /fp:precise /Zc:wchar_t /Zc:forScope /Fo"Debug\\" /Fd"Debug\vc120.pdb" /Gd /TP /analyze- /errorReport:prompt Source.cpp
         Source.cpp
     1>c:\users\castondty\documents\data structures\first-rep\two dimensional arrays\two dimensional arrays\array_template.h(14): error C2059: syntax error : '<'
                 c:\users\castondty\documents\data structures\first-rep\two dimensional arrays\two dimensional arrays\array_template.h(23) : see reference to class template instantiation 'Array<T>' being compiled
     1>c:\users\castondty\documents\data structures\first-rep\two dimensional arrays\two dimensional arrays\array_template.h(14): error C2238: unexpected token(s) preceding ';'
     1>c:\users\castondty\documents\data structures\first-rep\two dimensional arrays\two dimensional arrays\array_template.h(27): error C2143: syntax error : missing ';' before '}'
     1>c:\users\castondty\documents\data structures\first-rep\two dimensional arrays\two dimensional arrays\array_template.h(67): error C2039: '[]' : is not a member of 'Array<T>'
     1>c:\users\castondty\documents\data structures\first-rep\two dimensional arrays\two dimensional arrays\source.cpp(8): fatal error C1004: unexpected end-of-file found
     1>Done Building Project "C:\Users\castondty\Documents\Data Structures\First-Rep\Two Dimensional Arrays\Two Dimensional Arrays\Two Dimensional Arrays.vcxproj" (Build target(s)) -- FAILED.

Build FAILED.

Time Elapsed 00:00:02.78
